<?xml version="1.0" encoding="UTF-8"?>
<!-- Generated by org.testng.reporters.JUnitReportReporter -->
<testsuite hostname="Prem-PC" failures="0" tests="3" name="com.crm.qa.testcases.LoginPageTest" time="40.351" errors="0" timestamp="15 May 2021 13:08:06 GMT" skipped="0">
  <testcase classname="com.crm.qa.testcases.LoginPageTest" name="loginPageTitleTest" time="10.495"/>
  <testcase classname="com.crm.qa.testcases.LoginPageTest" name="crmLogoImageTest" time="12.763"/>
  <testcase classname="com.crm.qa.testcases.LoginPageTest" name="loginTest" time="17.093"/>
</testsuite> <!-- com.crm.qa.testcases.LoginPageTest -->
